<?xml version="1.0" encoding="UTF-8" standalone="no"?><testsuite errors="1" failures="0" name="co_dhp85.stedefinitions.NavegarPantallaRegistro" skipped="0" tests="1" time="30.14" timestamp="2026-04-08 06:54:51"><testcase classname="co_dhp85.stedefinitions.NavegarPantallaRegistro" name="Navegar pantalla regisro"><error message="After several attempts, could not instantiate new WebDriver instance of type class io.appium.java_client.AppiumDriver (The browser under test or path to the app or (appPackage and appActivity) needs to be provided in the appium.app or appium.browserName property.). See below for more details." type="net.thucydides.core.webdriver.DriverConfigurationError">After several attempts, could not instantiate new WebDriver instance of type class io.appium.java_client.AppiumDriver (The browser under test or path to the app or (appPackage and appActivity) needs to be provided in the appium.app or appium.browserName property.). See below for more details.</error><system-err>After several attempts, could not instantiate new WebDriver instance of type class io.appium.java_client.AppiumDriver (The browser under test or path to the app or (appPackage and appActivity) needs to be provided in the appium.app or appium.browserName property.). See below for more details.
co_dhp85.stedefinitions.NavegarPantallaRegistro.NavegarPantallaRegisro(NavegarPantallaRegistro.java:22)
</system-err></testcase></testsuite>